<?xml version="1.0" encoding="UTF-8"?>
<coverage generated="1606369765263" clover="3.2.0">
  <project timestamp="1606369765264" name="All files">
    <metrics statements="93" coveredstatements="32" conditionals="12" coveredconditionals="6" methods="21" coveredmethods="7" elements="126" coveredelements="45" complexity="0" loc="93" ncloc="93" packages="7" files="17" classes="17">
      <package name="src">
        <metrics statements="3" coveredstatements="0" conditionals="0" coveredconditionals="0" methods="0" coveredmethods="0"/>
        <file name="App.vue" path="/Users/diegofelipemoreno/Documents/workspace-web/ui-test/src/App.vue">
          <metrics statements="3" coveredstatements="0" conditionals="0" coveredconditionals="0" methods="0" coveredmethods="0"/>
          <line num="13" count="0" type="stmt"/>
          <line num="14" count="0" type="stmt"/>
          <line num="15" count="0" type="stmt"/>
        </file>
      </package>
      <package name="src.components">
        <metrics statements="21" coveredstatements="0" conditionals="0" coveredconditionals="0" methods="8" coveredmethods="0"/>
        <file name="banner.vue" path="/Users/diegofelipemoreno/Documents/workspace-web/ui-test/src/components/banner.vue">
          <metrics statements="1" coveredstatements="0" conditionals="0" coveredconditionals="0" methods="0" coveredmethods="0"/>
          <line num="20" count="0" type="stmt"/>
        </file>
        <file name="bannerSubmit.vue" path="/Users/diegofelipemoreno/Documents/workspace-web/ui-test/src/components/bannerSubmit.vue">
          <metrics statements="1" coveredstatements="0" conditionals="0" coveredconditionals="0" methods="0" coveredmethods="0"/>
          <line num="15" count="0" type="stmt"/>
        </file>
        <file name="card.vue" path="/Users/diegofelipemoreno/Documents/workspace-web/ui-test/src/components/card.vue">
          <metrics statements="12" coveredstatements="0" conditionals="0" coveredconditionals="0" methods="6" coveredmethods="0"/>
          <line num="76" count="0" type="stmt"/>
          <line num="90" count="0" type="stmt"/>
          <line num="99" count="0" type="stmt"/>
          <line num="100" count="0" type="stmt"/>
          <line num="101" count="0" type="stmt"/>
          <line num="102" count="0" type="stmt"/>
          <line num="106" count="0" type="stmt"/>
          <line num="116" count="0" type="stmt"/>
          <line num="118" count="0" type="stmt"/>
          <line num="130" count="0" type="stmt"/>
          <line num="131" count="0" type="stmt"/>
          <line num="140" count="0" type="stmt"/>
        </file>
        <file name="cardList.vue" path="/Users/diegofelipemoreno/Documents/workspace-web/ui-test/src/components/cardList.vue">
          <metrics statements="3" coveredstatements="0" conditionals="0" coveredconditionals="0" methods="0" coveredmethods="0"/>
          <line num="22" count="0" type="stmt"/>
          <line num="31" count="0" type="stmt"/>
          <line num="34" count="0" type="stmt"/>
        </file>
        <file name="hero.vue" path="/Users/diegofelipemoreno/Documents/workspace-web/ui-test/src/components/hero.vue">
          <metrics statements="4" coveredstatements="0" conditionals="0" coveredconditionals="0" methods="2" coveredmethods="0"/>
          <line num="40" count="0" type="stmt"/>
          <line num="47" count="0" type="stmt"/>
          <line num="50" count="0" type="stmt"/>
          <line num="51" count="0" type="stmt"/>
        </file>
      </package>
      <package name="src.components.common">
        <metrics statements="2" coveredstatements="0" conditionals="0" coveredconditionals="0" methods="0" coveredmethods="0"/>
        <file name="footerView.vue" path="/Users/diegofelipemoreno/Documents/workspace-web/ui-test/src/components/common/footerView.vue">
          <metrics statements="1" coveredstatements="0" conditionals="0" coveredconditionals="0" methods="0" coveredmethods="0"/>
          <line num="48" count="0" type="stmt"/>
        </file>
        <file name="headerView.vue" path="/Users/diegofelipemoreno/Documents/workspace-web/ui-test/src/components/common/headerView.vue">
          <metrics statements="1" coveredstatements="0" conditionals="0" coveredconditionals="0" methods="0" coveredmethods="0"/>
          <line num="13" count="0" type="stmt"/>
        </file>
      </package>
      <package name="src.models">
        <metrics statements="1" coveredstatements="1" conditionals="0" coveredconditionals="0" methods="0" coveredmethods="0"/>
        <file name="model.js" path="/Users/diegofelipemoreno/Documents/workspace-web/ui-test/src/models/model.js">
          <metrics statements="1" coveredstatements="1" conditionals="0" coveredconditionals="0" methods="0" coveredmethods="0"/>
          <line num="1" count="1" type="stmt"/>
        </file>
      </package>
      <package name="src.pages">
        <metrics statements="4" coveredstatements="0" conditionals="0" coveredconditionals="0" methods="0" coveredmethods="0"/>
        <file name="homePage.vue" path="/Users/diegofelipemoreno/Documents/workspace-web/ui-test/src/pages/homePage.vue">
          <metrics statements="4" coveredstatements="0" conditionals="0" coveredconditionals="0" methods="0" coveredmethods="0"/>
          <line num="12" count="0" type="stmt"/>
          <line num="13" count="0" type="stmt"/>
          <line num="14" count="0" type="stmt"/>
          <line num="15" count="0" type="stmt"/>
        </file>
      </package>
      <package name="src.services">
        <metrics statements="16" coveredstatements="7" conditionals="6" coveredconditionals="2" methods="4" coveredmethods="2"/>
        <file name="localStorageService.js" path="/Users/diegofelipemoreno/Documents/workspace-web/ui-test/src/services/localStorageService.js">
          <metrics statements="16" coveredstatements="7" conditionals="6" coveredconditionals="2" methods="4" coveredmethods="2"/>
          <line num="15" count="1" type="stmt"/>
          <line num="20" count="1" type="stmt"/>
          <line num="28" count="0" type="stmt"/>
          <line num="30" count="0" type="stmt"/>
          <line num="39" count="7" type="stmt"/>
          <line num="41" count="7" type="cond" truecount="1" falsecount="1"/>
          <line num="42" count="7" type="cond" truecount="1" falsecount="1"/>
          <line num="43" count="7" type="stmt"/>
          <line num="53" count="0" type="stmt"/>
          <line num="54" count="0" type="stmt"/>
          <line num="55" count="0" type="stmt"/>
          <line num="57" count="0" type="cond" truecount="0" falsecount="2"/>
          <line num="58" count="0" type="stmt"/>
          <line num="59" count="0" type="stmt"/>
          <line num="62" count="0" type="stmt"/>
          <line num="66" count="1" type="stmt"/>
        </file>
      </package>
      <package name="src.store">
        <metrics statements="46" coveredstatements="24" conditionals="6" coveredconditionals="4" methods="9" coveredmethods="5"/>
        <file name="actions.js" path="/Users/diegofelipemoreno/Documents/workspace-web/ui-test/src/store/actions.js">
          <metrics statements="9" coveredstatements="0" conditionals="0" coveredconditionals="0" methods="2" coveredmethods="0"/>
          <line num="1" count="0" type="stmt"/>
          <line num="2" count="0" type="stmt"/>
          <line num="10" count="0" type="stmt"/>
          <line num="11" count="0" type="stmt"/>
          <line num="12" count="0" type="stmt"/>
          <line num="13" count="0" type="stmt"/>
          <line num="22" count="0" type="stmt"/>
          <line num="23" count="0" type="stmt"/>
          <line num="24" count="0" type="stmt"/>
        </file>
        <file name="constants.js" path="/Users/diegofelipemoreno/Documents/workspace-web/ui-test/src/store/constants.js">
          <metrics statements="1" coveredstatements="1" conditionals="0" coveredconditionals="0" methods="0" coveredmethods="0"/>
          <line num="1" count="1" type="stmt"/>
        </file>
        <file name="getters.js" path="/Users/diegofelipemoreno/Documents/workspace-web/ui-test/src/store/getters.js">
          <metrics statements="15" coveredstatements="11" conditionals="2" coveredconditionals="0" methods="7" coveredmethods="5"/>
          <line num="6" count="1" type="stmt"/>
          <line num="7" count="1" type="stmt"/>
          <line num="15" count="1" type="stmt"/>
          <line num="16" count="1" type="stmt"/>
          <line num="24" count="1" type="stmt"/>
          <line num="25" count="1" type="stmt"/>
          <line num="33" count="1" type="stmt"/>
          <line num="34" count="1" type="stmt"/>
          <line num="42" count="1" type="stmt"/>
          <line num="43" count="1" type="stmt"/>
          <line num="51" count="1" type="stmt"/>
          <line num="52" count="0" type="stmt"/>
          <line num="54" count="0" type="cond" truecount="0" falsecount="2"/>
          <line num="55" count="0" type="stmt"/>
          <line num="58" count="0" type="stmt"/>
        </file>
        <file name="mutation-types.js" path="/Users/diegofelipemoreno/Documents/workspace-web/ui-test/src/store/mutation-types.js">
          <metrics statements="3" coveredstatements="3" conditionals="0" coveredconditionals="0" methods="0" coveredmethods="0"/>
          <line num="1" count="1" type="stmt"/>
          <line num="2" count="1" type="stmt"/>
          <line num="3" count="1" type="stmt"/>
        </file>
        <file name="mutations.js" path="/Users/diegofelipemoreno/Documents/workspace-web/ui-test/src/store/mutations.js">
          <metrics statements="9" coveredstatements="9" conditionals="4" coveredconditionals="4" methods="0" coveredmethods="0"/>
          <line num="13" count="6" type="cond" truecount="2" falsecount="0"/>
          <line num="14" count="4" type="stmt"/>
          <line num="15" count="4" type="stmt"/>
          <line num="18" count="6" type="cond" truecount="2" falsecount="0"/>
          <line num="19" count="2" type="stmt"/>
          <line num="20" count="2" type="stmt"/>
          <line num="23" count="6" type="stmt"/>
          <line num="33" count="1" type="stmt"/>
          <line num="34" count="1" type="stmt"/>
        </file>
        <file name="store.js" path="/Users/diegofelipemoreno/Documents/workspace-web/ui-test/src/store/store.js">
          <metrics statements="9" coveredstatements="0" conditionals="0" coveredconditionals="0" methods="0" coveredmethods="0"/>
          <line num="1" count="0" type="stmt"/>
          <line num="2" count="0" type="stmt"/>
          <line num="4" count="0" type="stmt"/>
          <line num="5" count="0" type="stmt"/>
          <line num="6" count="0" type="stmt"/>
          <line num="7" count="0" type="stmt"/>
          <line num="8" count="0" type="stmt"/>
          <line num="10" count="0" type="stmt"/>
          <line num="12" count="0" type="stmt"/>
        </file>
      </package>
    </metrics>
  </project>
</coverage>
