{"/Users/diegofelipemoreno/Documents/workspace-web/ui-test/src/App.vue": {"path":"/Users/diegofelipemoreno/Documents/workspace-web/ui-test/src/App.vue","statementMap":{"0":{"start":{"line":13,"column":0},"end":{"line":null,"column":-1}},"1":{"start":{"line":14,"column":0},"end":{"line":null,"column":-1}},"2":{"start":{"line":15,"column":0},"end":{"line":null,"column":-1}}},"fnMap":{},"branchMap":{},"s":{"0":0,"1":0,"2":0},"f":{},"b":{}}
,"/Users/diegofelipemoreno/Documents/workspace-web/ui-test/src/components/banner.vue": {"path":"/Users/diegofelipemoreno/Documents/workspace-web/ui-test/src/components/banner.vue","statementMap":{"0":{"start":{"line":20,"column":0},"end":{"line":null,"column":-1}}},"fnMap":{},"branchMap":{},"s":{"0":0},"f":{},"b":{}}
,"/Users/diegofelipemoreno/Documents/workspace-web/ui-test/src/components/bannerSubmit.vue": {"path":"/Users/diegofelipemoreno/Documents/workspace-web/ui-test/src/components/bannerSubmit.vue","statementMap":{"0":{"start":{"line":15,"column":0},"end":{"line":null,"column":-1}}},"fnMap":{},"branchMap":{},"s":{"0":0},"f":{},"b":{}}
,"/Users/diegofelipemoreno/Documents/workspace-web/ui-test/src/components/card.vue": {"path":"/Users/diegofelipemoreno/Documents/workspace-web/ui-test/src/components/card.vue","statementMap":{"0":{"start":{"line":76,"column":0},"end":{"line":null,"column":-1}},"1":{"start":{"line":90,"column":0},"end":{"line":null,"column":-1}},"2":{"start":{"line":99,"column":0},"end":{"line":null,"column":-1}},"3":{"start":{"line":100,"column":0},"end":{"line":null,"column":-1}},"4":{"start":{"line":101,"column":0},"end":{"line":null,"column":-1}},"5":{"start":{"line":102,"column":0},"end":{"line":null,"column":-1}},"6":{"start":{"line":106,"column":0},"end":{"line":null,"column":-1}},"7":{"start":{"line":116,"column":0},"end":{"line":null,"column":-1}},"8":{"start":{"line":118,"column":0},"end":{"line":119,"column":0}},"9":{"start":{"line":130,"column":0},"end":{"line":null,"column":-1}},"10":{"start":{"line":131,"column":0},"end":{"line":null,"column":-1}},"11":{"start":{"line":140,"column":0},"end":{"line":null,"column":-1}}},"fnMap":{"0":{"name":"data","decl":{"start":{"line":89,"column":0},"end":{"line":null,"column":-1}},"loc":{"start":{"line":89,"column":0},"end":{"line":97,"column":0}}},"1":{"name":"mounted","decl":{"start":{"line":98,"column":0},"end":{"line":null,"column":-1}},"loc":{"start":{"line":98,"column":0},"end":{"line":103,"column":0}}},"2":{"name":"isUpVoteWinner","decl":{"start":{"line":105,"column":0},"end":{"line":null,"column":-1}},"loc":{"start":{"line":105,"column":0},"end":{"line":107,"column":0}}},"3":{"name":"setVote_","decl":{"start":{"line":115,"column":0},"end":{"line":null,"column":-1}},"loc":{"start":{"line":115,"column":0},"end":{"line":123,"column":0}}},"4":{"name":"setVotesBars_","decl":{"start":{"line":129,"column":0},"end":{"line":null,"column":-1}},"loc":{"start":{"line":129,"column":0},"end":{"line":132,"column":0}}},"5":{"name":"activeVoteAgain_","decl":{"start":{"line":139,"column":0},"end":{"line":null,"column":-1}},"loc":{"start":{"line":139,"column":0},"end":{"line":141,"column":0}}}},"branchMap":{},"s":{"0":0,"1":0,"2":0,"3":0,"4":0,"5":0,"6":0,"7":0,"8":0,"9":0,"10":0,"11":0},"f":{"0":0,"1":0,"2":0,"3":0,"4":0,"5":0},"b":{}}
,"/Users/diegofelipemoreno/Documents/workspace-web/ui-test/src/components/cardList.vue": {"path":"/Users/diegofelipemoreno/Documents/workspace-web/ui-test/src/components/cardList.vue","statementMap":{"0":{"start":{"line":22,"column":0},"end":{"line":null,"column":-1}},"1":{"start":{"line":31,"column":0},"end":{"line":null,"column":-1}},"2":{"start":{"line":34,"column":0},"end":{"line":null,"column":-1}}},"fnMap":{},"branchMap":{},"s":{"0":0,"1":0,"2":0},"f":{},"b":{}}
,"/Users/diegofelipemoreno/Documents/workspace-web/ui-test/src/components/hero.vue": {"path":"/Users/diegofelipemoreno/Documents/workspace-web/ui-test/src/components/hero.vue","statementMap":{"0":{"start":{"line":40,"column":0},"end":{"line":null,"column":-1}},"1":{"start":{"line":47,"column":0},"end":{"line":null,"column":-1}},"2":{"start":{"line":50,"column":0},"end":{"line":null,"column":-1}},"3":{"start":{"line":51,"column":0},"end":{"line":null,"column":-1}}},"fnMap":{"0":{"name":"cardData","decl":{"start":{"line":45,"column":0},"end":{"line":null,"column":-1}},"loc":{"start":{"line":45,"column":0},"end":{"line":48,"column":0}}},"1":{"name":"closingData","decl":{"start":{"line":49,"column":0},"end":{"line":null,"column":-1}},"loc":{"start":{"line":49,"column":0},"end":{"line":52,"column":0}}}},"branchMap":{},"s":{"0":0,"1":0,"2":0,"3":0},"f":{"0":0,"1":0},"b":{}}
,"/Users/diegofelipemoreno/Documents/workspace-web/ui-test/src/components/common/footerView.vue": {"path":"/Users/diegofelipemoreno/Documents/workspace-web/ui-test/src/components/common/footerView.vue","statementMap":{"0":{"start":{"line":48,"column":0},"end":{"line":null,"column":-1}}},"fnMap":{},"branchMap":{},"s":{"0":0},"f":{},"b":{}}
,"/Users/diegofelipemoreno/Documents/workspace-web/ui-test/src/components/common/headerView.vue": {"path":"/Users/diegofelipemoreno/Documents/workspace-web/ui-test/src/components/common/headerView.vue","statementMap":{"0":{"start":{"line":13,"column":0},"end":{"line":null,"column":-1}}},"fnMap":{},"branchMap":{},"s":{"0":0},"f":{},"b":{}}
,"/Users/diegofelipemoreno/Documents/workspace-web/ui-test/src/models/model.js": {"path":"/Users/diegofelipemoreno/Documents/workspace-web/ui-test/src/models/model.js","statementMap":{"0":{"start":{"line":1,"column":21},"end":{"line":78,"column":1}}},"fnMap":{},"branchMap":{},"s":{"0":1},"f":{},"b":{},"_coverageSchema":"332fd63041d2c1bcb487cc26dd0d5f7d97098a6c","hash":"3d266508091f438bfce4b2e85b402301c2de8514"}
,"/Users/diegofelipemoreno/Documents/workspace-web/ui-test/src/pages/homePage.vue": {"path":"/Users/diegofelipemoreno/Documents/workspace-web/ui-test/src/pages/homePage.vue","statementMap":{"0":{"start":{"line":12,"column":0},"end":{"line":null,"column":-1}},"1":{"start":{"line":13,"column":0},"end":{"line":null,"column":-1}},"2":{"start":{"line":14,"column":0},"end":{"line":null,"column":-1}},"3":{"start":{"line":15,"column":0},"end":{"line":null,"column":-1}}},"fnMap":{},"branchMap":{},"s":{"0":0,"1":0,"2":0,"3":0},"f":{},"b":{}}
,"/Users/diegofelipemoreno/Documents/workspace-web/ui-test/src/services/localStorageService.js": {"path":"/Users/diegofelipemoreno/Documents/workspace-web/ui-test/src/services/localStorageService.js","statementMap":{"0":{"start":{"line":15,"column":4},"end":{"line":15,"column":24}},"1":{"start":{"line":20,"column":4},"end":{"line":20,"column":26}},"2":{"start":{"line":28,"column":32},"end":{"line":28,"column":63}},"3":{"start":{"line":30,"column":4},"end":{"line":30,"column":43}},"4":{"start":{"line":39,"column":23},"end":{"line":39,"column":25}},"5":{"start":{"line":41,"column":4},"end":{"line":44,"column":5}},"6":{"start":{"line":42,"column":6},"end":{"line":42,"column":49}},"7":{"start":{"line":43,"column":6},"end":{"line":43,"column":63}},"8":{"start":{"line":53,"column":32},"end":{"line":53,"column":59}},"9":{"start":{"line":54,"column":26},"end":{"line":54,"column":28}},"10":{"start":{"line":55,"column":23},"end":{"line":55,"column":34}},"11":{"start":{"line":57,"column":4},"end":{"line":60,"column":5}},"12":{"start":{"line":58,"column":6},"end":{"line":58,"column":67}},"13":{"start":{"line":59,"column":6},"end":{"line":59,"column":49}},"14":{"start":{"line":62,"column":4},"end":{"line":62,"column":24}},"15":{"start":{"line":66,"column":35},"end":{"line":66,"column":73}}},"fnMap":{"0":{"name":"(anonymous_0)","decl":{"start":{"line":11,"column":2},"end":{"line":11,"column":3}},"loc":{"start":{"line":11,"column":21},"end":{"line":21,"column":3}},"line":11},"1":{"name":"(anonymous_1)","decl":{"start":{"line":27,"column":2},"end":{"line":27,"column":3}},"loc":{"start":{"line":27,"column":25},"end":{"line":31,"column":3}},"line":27},"2":{"name":"(anonymous_2)","decl":{"start":{"line":38,"column":2},"end":{"line":38,"column":3}},"loc":{"start":{"line":38,"column":18},"end":{"line":45,"column":3}},"line":38},"3":{"name":"(anonymous_3)","decl":{"start":{"line":52,"column":2},"end":{"line":52,"column":3}},"loc":{"start":{"line":52,"column":13},"end":{"line":63,"column":3}},"line":52}},"branchMap":{"0":{"loc":{"start":{"line":41,"column":4},"end":{"line":44,"column":5}},"type":"if","locations":[{"start":{"line":41,"column":4},"end":{"line":44,"column":5}},{"start":{"line":41,"column":4},"end":{"line":44,"column":5}}],"line":41},"1":{"loc":{"start":{"line":42,"column":21},"end":{"line":42,"column":48}},"type":"binary-expr","locations":[{"start":{"line":42,"column":21},"end":{"line":42,"column":42}},{"start":{"line":42,"column":46},"end":{"line":42,"column":48}}],"line":42},"2":{"loc":{"start":{"line":57,"column":4},"end":{"line":60,"column":5}},"type":"if","locations":[{"start":{"line":57,"column":4},"end":{"line":60,"column":5}},{"start":{"line":57,"column":4},"end":{"line":60,"column":5}}],"line":57}},"s":{"0":1,"1":1,"2":0,"3":0,"4":7,"5":7,"6":7,"7":7,"8":0,"9":0,"10":0,"11":0,"12":0,"13":0,"14":0,"15":1},"f":{"0":1,"1":0,"2":7,"3":0},"b":{"0":[7,0],"1":[7,0],"2":[0,0]},"_coverageSchema":"332fd63041d2c1bcb487cc26dd0d5f7d97098a6c","hash":"ac3e9c22f8196dcfca65d662b68105ceaf130437"}
,"/Users/diegofelipemoreno/Documents/workspace-web/ui-test/src/store/actions.js": {"path":"/Users/diegofelipemoreno/Documents/workspace-web/ui-test/src/store/actions.js","statementMap":{"0":{"start":{"line":1,"column":0},"end":{"line":null,"column":-1}},"1":{"start":{"line":2,"column":0},"end":{"line":null,"column":-1}},"2":{"start":{"line":10,"column":13},"end":{"line":10,"column":7}},"3":{"start":{"line":10,"column":59},"end":{"line":10,"column":58}},"4":{"start":{"line":11,"column":2},"end":{"line":null,"column":-1}},"5":{"start":{"line":12,"column":2},"end":{"line":null,"column":-1}},"6":{"start":{"line":13,"column":2},"end":{"line":null,"column":-1}},"7":{"start":{"line":22,"column":13},"end":{"line":22,"column":7}},"8":{"start":{"line":22,"column":61},"end":{"line":22,"column":60}},"9":{"start":{"line":23,"column":2},"end":{"line":null,"column":-1}},"10":{"start":{"line":24,"column":2},"end":{"line":null,"column":-1}}},"fnMap":{"0":{"name":"set_vote_action","decl":{"start":{"line":10,"column":13},"end":{"line":10,"column":31}},"loc":{"start":{"line":10,"column":59},"end":{"line":10,"column":7}}},"1":{"name":"active_vote_again","decl":{"start":{"line":22,"column":13},"end":{"line":22,"column":33}},"loc":{"start":{"line":22,"column":61},"end":{"line":22,"column":7}}}},"branchMap":{},"s":{"0":0,"1":0,"2":0,"3":0,"4":0,"5":0,"6":0,"7":0,"8":0,"9":0,"10":0},"f":{"0":0,"1":0},"b":{}}
,"/Users/diegofelipemoreno/Documents/workspace-web/ui-test/src/store/constants.js": {"path":"/Users/diegofelipemoreno/Documents/workspace-web/ui-test/src/store/constants.js","statementMap":{"0":{"start":{"line":1,"column":25},"end":{"line":5,"column":1}}},"fnMap":{},"branchMap":{},"s":{"0":1},"f":{},"b":{},"_coverageSchema":"332fd63041d2c1bcb487cc26dd0d5f7d97098a6c","hash":"10e1400d730303fff6eea254e2128acd8f70640a"}
,"/Users/diegofelipemoreno/Documents/workspace-web/ui-test/src/store/getters.js": {"path":"/Users/diegofelipemoreno/Documents/workspace-web/ui-test/src/store/getters.js","statementMap":{"0":{"start":{"line":6,"column":27},"end":{"line":8,"column":1}},"1":{"start":{"line":7,"column":2},"end":{"line":7,"column":15}},"2":{"start":{"line":15,"column":33},"end":{"line":17,"column":1}},"3":{"start":{"line":16,"column":2},"end":{"line":16,"column":28}},"4":{"start":{"line":24,"column":30},"end":{"line":26,"column":1}},"5":{"start":{"line":25,"column":2},"end":{"line":25,"column":25}},"6":{"start":{"line":33,"column":31},"end":{"line":35,"column":1}},"7":{"start":{"line":34,"column":2},"end":{"line":34,"column":21}},"8":{"start":{"line":42,"column":32},"end":{"line":44,"column":1}},"9":{"start":{"line":43,"column":2},"end":{"line":43,"column":42}},"10":{"start":{"line":51,"column":36},"end":{"line":59,"column":1}},"11":{"start":{"line":51,"column":47},"end":{"line":59,"column":1}},"12":{"start":{"line":52,"column":19},"end":{"line":52,"column":24}},"13":{"start":{"line":54,"column":2},"end":{"line":56,"column":3}},"14":{"start":{"line":55,"column":4},"end":{"line":55,"column":22}},"15":{"start":{"line":58,"column":2},"end":{"line":58,"column":20}}},"fnMap":{"0":{"name":"(anonymous_0)","decl":{"start":{"line":6,"column":27},"end":{"line":6,"column":28}},"loc":{"start":{"line":6,"column":38},"end":{"line":8,"column":1}},"line":6},"1":{"name":"(anonymous_1)","decl":{"start":{"line":15,"column":33},"end":{"line":15,"column":34}},"loc":{"start":{"line":15,"column":44},"end":{"line":17,"column":1}},"line":15},"2":{"name":"(anonymous_2)","decl":{"start":{"line":24,"column":30},"end":{"line":24,"column":31}},"loc":{"start":{"line":24,"column":41},"end":{"line":26,"column":1}},"line":24},"3":{"name":"(anonymous_3)","decl":{"start":{"line":33,"column":31},"end":{"line":33,"column":32}},"loc":{"start":{"line":33,"column":42},"end":{"line":35,"column":1}},"line":33},"4":{"name":"(anonymous_4)","decl":{"start":{"line":42,"column":32},"end":{"line":42,"column":33}},"loc":{"start":{"line":42,"column":43},"end":{"line":44,"column":1}},"line":42},"5":{"name":"(anonymous_5)","decl":{"start":{"line":51,"column":36},"end":{"line":51,"column":37}},"loc":{"start":{"line":51,"column":47},"end":{"line":59,"column":1}},"line":51},"6":{"name":"(anonymous_6)","decl":{"start":{"line":51,"column":47},"end":{"line":51,"column":48}},"loc":{"start":{"line":51,"column":60},"end":{"line":59,"column":1}},"line":51}},"branchMap":{"0":{"loc":{"start":{"line":54,"column":2},"end":{"line":56,"column":3}},"type":"if","locations":[{"start":{"line":54,"column":2},"end":{"line":56,"column":3}},{"start":{"line":54,"column":2},"end":{"line":56,"column":3}}],"line":54}},"s":{"0":1,"1":1,"2":1,"3":1,"4":1,"5":1,"6":1,"7":1,"8":1,"9":1,"10":1,"11":0,"12":0,"13":0,"14":0,"15":0},"f":{"0":1,"1":1,"2":1,"3":1,"4":1,"5":0,"6":0},"b":{"0":[0,0]},"_coverageSchema":"332fd63041d2c1bcb487cc26dd0d5f7d97098a6c","hash":"6410e046a50a68e1683c4646453acabf59fe1700"}
,"/Users/diegofelipemoreno/Documents/workspace-web/ui-test/src/store/mutation-types.js": {"path":"/Users/diegofelipemoreno/Documents/workspace-web/ui-test/src/store/mutation-types.js","statementMap":{"0":{"start":{"line":1,"column":35},"end":{"line":1,"column":52}},"1":{"start":{"line":2,"column":28},"end":{"line":2,"column":40}},"2":{"start":{"line":3,"column":24},"end":{"line":3,"column":33}}},"fnMap":{},"branchMap":{},"s":{"0":1,"1":1,"2":1},"f":{},"b":{},"_coverageSchema":"332fd63041d2c1bcb487cc26dd0d5f7d97098a6c","hash":"761b73b369d51813b8b9c626b893145f68c66f0f"}
,"/Users/diegofelipemoreno/Documents/workspace-web/ui-test/src/store/mutations.js": {"path":"/Users/diegofelipemoreno/Documents/workspace-web/ui-test/src/store/mutations.js","statementMap":{"0":{"start":{"line":13,"column":4},"end":{"line":16,"column":5}},"1":{"start":{"line":14,"column":6},"end":{"line":14,"column":42}},"2":{"start":{"line":15,"column":6},"end":{"line":15,"column":44}},"3":{"start":{"line":18,"column":4},"end":{"line":21,"column":5}},"4":{"start":{"line":19,"column":6},"end":{"line":19,"column":42}},"5":{"start":{"line":20,"column":6},"end":{"line":20,"column":44}},"6":{"start":{"line":23,"column":4},"end":{"line":23,"column":40}},"7":{"start":{"line":33,"column":4},"end":{"line":33,"column":44}},"8":{"start":{"line":34,"column":4},"end":{"line":34,"column":40}}},"fnMap":{},"branchMap":{"0":{"loc":{"start":{"line":13,"column":4},"end":{"line":16,"column":5}},"type":"if","locations":[{"start":{"line":13,"column":4},"end":{"line":16,"column":5}},{"start":{"line":13,"column":4},"end":{"line":16,"column":5}}],"line":13},"1":{"loc":{"start":{"line":18,"column":4},"end":{"line":21,"column":5}},"type":"if","locations":[{"start":{"line":18,"column":4},"end":{"line":21,"column":5}},{"start":{"line":18,"column":4},"end":{"line":21,"column":5}}],"line":18}},"s":{"0":6,"1":4,"2":4,"3":6,"4":2,"5":2,"6":6,"7":1,"8":1},"f":{},"b":{"0":[4,2],"1":[2,4]},"_coverageSchema":"332fd63041d2c1bcb487cc26dd0d5f7d97098a6c","hash":"e6837ab9fa829b8f6db7d155321b7e520c508573"}
,"/Users/diegofelipemoreno/Documents/workspace-web/ui-test/src/store/store.js": {"path":"/Users/diegofelipemoreno/Documents/workspace-web/ui-test/src/store/store.js","statementMap":{"0":{"start":{"line":1,"column":0},"end":{"line":null,"column":-1}},"1":{"start":{"line":2,"column":0},"end":{"line":null,"column":-1}},"2":{"start":{"line":4,"column":0},"end":{"line":null,"column":-1}},"3":{"start":{"line":5,"column":0},"end":{"line":null,"column":-1}},"4":{"start":{"line":6,"column":0},"end":{"line":null,"column":-1}},"5":{"start":{"line":7,"column":0},"end":{"line":null,"column":-1}},"6":{"start":{"line":8,"column":0},"end":{"line":null,"column":-1}},"7":{"start":{"line":10,"column":0},"end":{"line":null,"column":-1}},"8":{"start":{"line":12,"column":13},"end":{"line":12,"column":7}}},"fnMap":{},"branchMap":{},"s":{"0":0,"1":0,"2":0,"3":0,"4":0,"5":0,"6":0,"7":0,"8":0},"f":{},"b":{}}
}
