TN:
SF:/Users/diegofelipemoreno/Documents/workspace-web/ui-test/src/App.vue
FNF:0
FNH:0
DA:13,0
DA:14,0
DA:15,0
LF:3
LH:0
BRF:0
BRH:0
end_of_record
TN:
SF:/Users/diegofelipemoreno/Documents/workspace-web/ui-test/src/components/banner.vue
FNF:0
FNH:0
DA:20,0
LF:1
LH:0
BRF:0
BRH:0
end_of_record
TN:
SF:/Users/diegofelipemoreno/Documents/workspace-web/ui-test/src/components/bannerSubmit.vue
FNF:0
FNH:0
DA:15,0
LF:1
LH:0
BRF:0
BRH:0
end_of_record
TN:
SF:/Users/diegofelipemoreno/Documents/workspace-web/ui-test/src/components/card.vue
FN:89,data
FN:98,mounted
FN:105,isUpVoteWinner
FN:115,setVote_
FN:129,setVotesBars_
FN:139,activeVoteAgain_
FNF:6
FNH:0
FNDA:0,data
FNDA:0,mounted
FNDA:0,isUpVoteWinner
FNDA:0,setVote_
FNDA:0,setVotesBars_
FNDA:0,activeVoteAgain_
DA:76,0
DA:90,0
DA:99,0
DA:100,0
DA:101,0
DA:102,0
DA:106,0
DA:116,0
DA:118,0
DA:130,0
DA:131,0
DA:140,0
LF:12
LH:0
BRF:0
BRH:0
end_of_record
TN:
SF:/Users/diegofelipemoreno/Documents/workspace-web/ui-test/src/components/cardList.vue
FNF:0
FNH:0
DA:22,0
DA:31,0
DA:34,0
LF:3
LH:0
BRF:0
BRH:0
end_of_record
TN:
SF:/Users/diegofelipemoreno/Documents/workspace-web/ui-test/src/components/hero.vue
FN:45,cardData
FN:49,closingData
FNF:2
FNH:0
FNDA:0,cardData
FNDA:0,closingData
DA:40,0
DA:47,0
DA:50,0
DA:51,0
LF:4
LH:0
BRF:0
BRH:0
end_of_record
TN:
SF:/Users/diegofelipemoreno/Documents/workspace-web/ui-test/src/components/common/footerView.vue
FNF:0
FNH:0
DA:48,0
LF:1
LH:0
BRF:0
BRH:0
end_of_record
TN:
SF:/Users/diegofelipemoreno/Documents/workspace-web/ui-test/src/components/common/headerView.vue
FNF:0
FNH:0
DA:13,0
LF:1
LH:0
BRF:0
BRH:0
end_of_record
TN:
SF:/Users/diegofelipemoreno/Documents/workspace-web/ui-test/src/models/model.js
FNF:0
FNH:0
DA:1,1
LF:1
LH:1
BRF:0
BRH:0
end_of_record
TN:
SF:/Users/diegofelipemoreno/Documents/workspace-web/ui-test/src/pages/homePage.vue
FNF:0
FNH:0
DA:12,0
DA:13,0
DA:14,0
DA:15,0
LF:4
LH:0
BRF:0
BRH:0
end_of_record
TN:
SF:/Users/diegofelipemoreno/Documents/workspace-web/ui-test/src/services/localStorageService.js
FN:11,(anonymous_0)
FN:27,(anonymous_1)
FN:38,(anonymous_2)
FN:52,(anonymous_3)
FNF:4
FNH:2
FNDA:1,(anonymous_0)
FNDA:0,(anonymous_1)
FNDA:7,(anonymous_2)
FNDA:0,(anonymous_3)
DA:15,1
DA:20,1
DA:28,0
DA:30,0
DA:39,7
DA:41,7
DA:42,7
DA:43,7
DA:53,0
DA:54,0
DA:55,0
DA:57,0
DA:58,0
DA:59,0
DA:62,0
DA:66,1
LF:16
LH:7
BRDA:41,0,0,7
BRDA:41,0,1,0
BRDA:42,1,0,7
BRDA:42,1,1,0
BRDA:57,2,0,0
BRDA:57,2,1,0
BRF:6
BRH:2
end_of_record
TN:
SF:/Users/diegofelipemoreno/Documents/workspace-web/ui-test/src/store/actions.js
FN:10,set_vote_action
FN:22,active_vote_again
FNF:2
FNH:0
FNDA:0,set_vote_action
FNDA:0,active_vote_again
DA:1,0
DA:2,0
DA:10,0
DA:11,0
DA:12,0
DA:13,0
DA:22,0
DA:23,0
DA:24,0
LF:9
LH:0
BRF:0
BRH:0
end_of_record
TN:
SF:/Users/diegofelipemoreno/Documents/workspace-web/ui-test/src/store/constants.js
FNF:0
FNH:0
DA:1,1
LF:1
LH:1
BRF:0
BRH:0
end_of_record
TN:
SF:/Users/diegofelipemoreno/Documents/workspace-web/ui-test/src/store/getters.js
FN:6,(anonymous_0)
FN:15,(anonymous_1)
FN:24,(anonymous_2)
FN:33,(anonymous_3)
FN:42,(anonymous_4)
FN:51,(anonymous_5)
FN:51,(anonymous_6)
FNF:7
FNH:5
FNDA:1,(anonymous_0)
FNDA:1,(anonymous_1)
FNDA:1,(anonymous_2)
FNDA:1,(anonymous_3)
FNDA:1,(anonymous_4)
FNDA:0,(anonymous_5)
FNDA:0,(anonymous_6)
DA:6,1
DA:7,1
DA:15,1
DA:16,1
DA:24,1
DA:25,1
DA:33,1
DA:34,1
DA:42,1
DA:43,1
DA:51,1
DA:52,0
DA:54,0
DA:55,0
DA:58,0
LF:15
LH:11
BRDA:54,0,0,0
BRDA:54,0,1,0
BRF:2
BRH:0
end_of_record
TN:
SF:/Users/diegofelipemoreno/Documents/workspace-web/ui-test/src/store/mutation-types.js
FNF:0
FNH:0
DA:1,1
DA:2,1
DA:3,1
LF:3
LH:3
BRF:0
BRH:0
end_of_record
TN:
SF:/Users/diegofelipemoreno/Documents/workspace-web/ui-test/src/store/mutations.js
FNF:0
FNH:0
DA:13,6
DA:14,4
DA:15,4
DA:18,6
DA:19,2
DA:20,2
DA:23,6
DA:33,1
DA:34,1
LF:9
LH:9
BRDA:13,0,0,4
BRDA:13,0,1,2
BRDA:18,1,0,2
BRDA:18,1,1,4
BRF:4
BRH:4
end_of_record
TN:
SF:/Users/diegofelipemoreno/Documents/workspace-web/ui-test/src/store/store.js
FNF:0
FNH:0
DA:1,0
DA:2,0
DA:4,0
DA:5,0
DA:6,0
DA:7,0
DA:8,0
DA:10,0
DA:12,0
LF:9
LH:0
BRF:0
BRH:0
end_of_record
